{"uid":"79e4e437daed3503","name":"rangeTest","fullName":"ge.tbc.itacademy.swoop.OfferTests.rangeTest","historyId":"b8b25ed25c7adae8d0d69b96763c9314","time":{"start":1713933410661,"stop":1713933412822,"duration":2161},"description":"Test Description: Validate the price range filter.","descriptionHtml":"<p>Test Description: Validate the price range filter.</p>\n","status":"broken","statusMessage":"Error communicating with the remote browser. It may have died.\nBuild info: version: '4.18.1', revision: 'b1d3319b48'\nSystem info: os.name: 'Windows 11', os.arch: 'amd64', os.version: '10.0', java.version: '22'\nDriver info: org.openqa.selenium.chrome.ChromeDriver\nCommand: [17e8d779fd62ce2ad2bea124e2e604a4, findElements [using, value]]\nCapabilities {acceptInsecureCerts: true, browserName: chrome, browserVersion: 124.0.6367.61, chrome: {chromedriverVersion: 124.0.6367.78 (a087f2dd364d..., userDataDir: C:\\Users\\lukak\\AppData\\Loca...}, fedcm:accounts: true, goog:chromeOptions: {debuggerAddress: localhost:53468}, networkConnectionEnabled: false, pageLoadStrategy: normal, platformName: windows, proxy: Proxy(), se:cdp: ws://localhost:53468/devtoo..., se:cdpVersion: 124.0.6367.61, setWindowRect: true, strictFileInteractability: false, timeouts: {implicit: 0, pageLoad: 300000, script: 30000}, unhandledPromptBehavior: accept, webauthn:extension:credBlob: true, webauthn:extension:largeBlob: true, webauthn:extension:minPinLength: true, webauthn:extension:prf: true, webauthn:virtualAuthenticators: true}\nSession ID: 17e8d779fd62ce2ad2bea124e2e604a4","statusTrace":"org.openqa.selenium.remote.UnreachableBrowserException: Error communicating with the remote browser. It may have died.\nBuild info: version: '4.18.1', revision: 'b1d3319b48'\nSystem info: os.name: 'Windows 11', os.arch: 'amd64', os.version: '10.0', java.version: '22'\nDriver info: org.openqa.selenium.chrome.ChromeDriver\nCommand: [17e8d779fd62ce2ad2bea124e2e604a4, findElements [using, value]]\nCapabilities {acceptInsecureCerts: true, browserName: chrome, browserVersion: 124.0.6367.61, chrome: {chromedriverVersion: 124.0.6367.78 (a087f2dd364d..., userDataDir: C:\\Users\\lukak\\AppData\\Loca...}, fedcm:accounts: true, goog:chromeOptions: {debuggerAddress: localhost:53468}, networkConnectionEnabled: false, pageLoadStrategy: normal, platformName: windows, proxy: Proxy(), se:cdp: ws://localhost:53468/devtoo..., se:cdpVersion: 124.0.6367.61, setWindowRect: true, strictFileInteractability: false, timeouts: {implicit: 0, pageLoad: 300000, script: 30000}, unhandledPromptBehavior: accept, webauthn:extension:credBlob: true, webauthn:extension:largeBlob: true, webauthn:extension:minPinLength: true, webauthn:extension:prf: true, webauthn:virtualAuthenticators: true}\nSession ID: 17e8d779fd62ce2ad2bea124e2e604a4\r\n\tat org.openqa.selenium.remote.RemoteWebDriver.execute(RemoteWebDriver.java:546)\r\n\tat org.openqa.selenium.remote.ElementLocation$ElementFinder$2.findElements(ElementLocation.java:182)\r\n\tat org.openqa.selenium.remote.ElementLocation.findElements(ElementLocation.java:103)\r\n\tat org.openqa.selenium.remote.RemoteWebDriver.findElements(RemoteWebDriver.java:369)\r\n\tat org.openqa.selenium.remote.RemoteWebDriver.findElements(RemoteWebDriver.java:363)\r\n\tat com.codeborne.selenide.impl.WebElementSelector.findElements(WebElementSelector.java:76)\r\n\tat com.codeborne.selenide.impl.WebElementSelector.findElements(WebElementSelector.java:61)\r\n\tat com.codeborne.selenide.impl.BySelectorCollection.getElements(BySelectorCollection.java:40)\r\n\tat com.codeborne.selenide.impl.CollectionSnapshot.<init>(CollectionSnapshot.java:23)\r\n\tat com.codeborne.selenide.BaseElementsCollection.lambda$asFixedIterable$0(BaseElementsCollection.java:475)\r\n\tat com.codeborne.selenide.BaseElementsCollection.iterator(BaseElementsCollection.java:459)\r\n\tat java.base/java.lang.Iterable.forEach(Iterable.java:74)\r\n\tat ge.tbc.itacademy.steps.swoop.SwoopCategoryPageSteps.validatePriceRange(SwoopCategoryPageSteps.java:33)\r\n\tat ge.tbc.itacademy.swoop.OfferTests.rangeTest(OfferTests.java:66)\r\n\tat java.base/jdk.internal.reflect.DirectMethodHandleAccessor.invoke(DirectMethodHandleAccessor.java:103)\r\n\tat java.base/java.lang.reflect.Method.invoke(Method.java:580)\r\n\tat org.testng.internal.invokers.MethodInvocationHelper.invokeMethod(MethodInvocationHelper.java:139)\r\n\tat org.testng.internal.invokers.TestInvoker.invokeMethod(TestInvoker.java:664)\r\n\tat org.testng.internal.invokers.TestInvoker.invokeTestMethod(TestInvoker.java:228)\r\n\tat org.testng.internal.invokers.MethodRunner.runInSequence(MethodRunner.java:63)\r\n\tat org.testng.internal.invokers.TestInvoker$MethodInvocationAgent.invoke(TestInvoker.java:961)\r\n\tat org.testng.internal.invokers.TestInvoker.invokeTestMethods(TestInvoker.java:201)\r\n\tat org.testng.internal.invokers.TestMethodWorker.invokeTestMethods(TestMethodWorker.java:148)\r\n\tat org.testng.internal.invokers.TestMethodWorker.run(TestMethodWorker.java:128)\r\n\tat java.base/java.util.ArrayList.forEach(ArrayList.java:1597)\r\n\tat org.testng.TestRunner.privateRun(TestRunner.java:819)\r\n\tat org.testng.TestRunner.run(TestRunner.java:619)\r\n\tat org.testng.SuiteRunner.runTest(SuiteRunner.java:443)\r\n\tat org.testng.SuiteRunner$SuiteWorker.run(SuiteRunner.java:481)\r\n\tat org.testng.internal.thread.ThreadUtil.lambda$execute$0(ThreadUtil.java:58)\r\n\tat java.base/java.util.concurrent.FutureTask.run(FutureTask.java:317)\r\n\tat java.base/java.util.concurrent.ThreadPoolExecutor.runWorker(ThreadPoolExecutor.java:1144)\r\n\tat java.base/java.util.concurrent.ThreadPoolExecutor$Worker.run(ThreadPoolExecutor.java:642)\r\n\tat java.base/java.lang.Thread.run(Thread.java:1570)\r\nCaused by: java.lang.NullPointerException: Cannot invoke \"java.net.http.HttpClient.sendAsync(java.net.http.HttpRequest, java.net.http.HttpResponse$BodyHandler)\" because \"this.client\" is null\r\n\tat org.openqa.selenium.remote.http.jdk.JdkHttpClient.execute0(JdkHttpClient.java:383)\r\n\tat org.openqa.selenium.remote.http.AddSeleniumUserAgent.lambda$apply$0(AddSeleniumUserAgent.java:42)\r\n\tat org.openqa.selenium.remote.http.Filter.lambda$andFinally$1(Filter.java:55)\r\n\tat org.openqa.selenium.remote.http.jdk.JdkHttpClient.execute(JdkHttpClient.java:359)\r\n\tat org.openqa.selenium.remote.HttpCommandExecutor.execute(HttpCommandExecutor.java:187)\r\n\tat org.openqa.selenium.remote.service.DriverCommandExecutor.invokeExecute(DriverCommandExecutor.java:216)\r\n\tat org.openqa.selenium.remote.service.DriverCommandExecutor.execute(DriverCommandExecutor.java:174)\r\n\tat org.openqa.selenium.remote.RemoteWebDriver.execute(RemoteWebDriver.java:519)\r\n\t... 33 more\r\n","flaky":false,"newFailed":false,"newBroken":false,"newPassed":false,"retriesCount":0,"retriesStatusChange":false,"beforeStages":[{"name":"openBrowser","time":{"start":1713933404001,"stop":1713933410658,"duration":6657},"description":"","status":"passed","steps":[],"attachments":[],"parameters":[],"attachmentsCount":0,"shouldDisplayMessage":false,"stepsCount":0,"hasContent":false,"attachmentStep":false}],"afterStages":[],"labels":[{"name":"package","value":"ge.tbc.itacademy.swoop.OfferTests"},{"name":"testClass","value":"ge.tbc.itacademy.swoop.OfferTests"},{"name":"testMethod","value":"rangeTest"},{"name":"parentSuite","value":"Methods"},{"name":"suite","value":"SwoopRegression"},{"name":"subSuite","value":"ge.tbc.itacademy.swoop.OfferTests"},{"name":"host","value":"Luka"},{"name":"thread","value":"40620@Luka.TestNG-tests-1(43)"},{"name":"framework","value":"testng"},{"name":"language","value":"java"},{"name":"feature","value":"Offer"},{"name":"story","value":"Swoop Offer"},{"name":"severity","value":"normal"},{"name":"resultFormat","value":"allure2"}],"parameters":[{"name":"arg0","value":"30"},{"name":"arg1","value":"700"}],"links":[],"hidden":true,"retry":true,"extra":{"categories":[],"tags":[]},"source":"79e4e437daed3503.json","parameterValues":["30","700"]}