{"uid":"d1c64a7d3b9a5efb","name":"rangeTest","fullName":"ge.tbc.itacademy.swoop.OfferTests.rangeTest","historyId":"8c78338daa7aaaee67244305c3e34f92","time":{"start":1713993822725,"stop":1713993825232,"duration":2507},"description":"Test Description: Validate the price range filter.","descriptionHtml":"<p>Test Description: Validate the price range filter.</p>\n","status":"failed","statusMessage":"The following asserts failed:\n\texpected [true] but found [false],\n\texpected [true] but found [false],\n\texpected [true] but found [false],\n\texpected [true] but found [false],\n\texpected [true] but found [false],\n\texpected [true] but found [false],\n\texpected [true] but found [false]","statusTrace":"java.lang.AssertionError: The following asserts failed:\n\texpected [true] but found [false],\n\texpected [true] but found [false],\n\texpected [true] but found [false],\n\texpected [true] but found [false],\n\texpected [true] but found [false],\n\texpected [true] but found [false],\n\texpected [true] but found [false]\r\n\tat org.testng.asserts.SoftAssert.assertAll(SoftAssert.java:46)\r\n\tat org.testng.asserts.SoftAssert.assertAll(SoftAssert.java:30)\r\n\tat ge.tbc.itacademy.steps.swoop.SwoopCategoryPageSteps.validatePriceRange(SwoopCategoryPageSteps.java:39)\r\n\tat ge.tbc.itacademy.swoop.OfferTests.rangeTest(OfferTests.java:68)\r\n\tat java.base/jdk.internal.reflect.DirectMethodHandleAccessor.invoke(DirectMethodHandleAccessor.java:103)\r\n\tat java.base/java.lang.reflect.Method.invoke(Method.java:580)\r\n\tat org.testng.internal.invokers.MethodInvocationHelper.invokeMethod(MethodInvocationHelper.java:141)\r\n\tat org.testng.internal.invokers.TestInvoker.invokeMethod(TestInvoker.java:686)\r\n\tat org.testng.internal.invokers.TestInvoker.invokeTestMethod(TestInvoker.java:230)\r\n\tat org.testng.internal.invokers.MethodRunner.runInSequence(MethodRunner.java:63)\r\n\tat org.testng.internal.invokers.TestInvoker$MethodInvocationAgent.invoke(TestInvoker.java:992)\r\n\tat org.testng.internal.invokers.TestInvoker.invokeTestMethods(TestInvoker.java:203)\r\n\tat org.testng.internal.invokers.TestMethodWorker.invokeTestMethods(TestMethodWorker.java:154)\r\n\tat org.testng.internal.invokers.TestMethodWorker.run(TestMethodWorker.java:134)\r\n\tat java.base/java.util.ArrayList.forEach(ArrayList.java:1597)\r\n\tat org.testng.TestRunner.privateRun(TestRunner.java:739)\r\n\tat org.testng.TestRunner.run(TestRunner.java:614)\r\n\tat org.testng.SuiteRunner.runTest(SuiteRunner.java:421)\r\n\tat org.testng.SuiteRunner$SuiteWorker.run(SuiteRunner.java:463)\r\n\tat org.testng.internal.thread.ThreadUtil.lambda$execute$0(ThreadUtil.java:64)\r\n\tat java.base/java.util.concurrent.FutureTask.run(FutureTask.java:317)\r\n\tat java.base/java.util.concurrent.ThreadPoolExecutor.runWorker(ThreadPoolExecutor.java:1144)\r\n\tat java.base/java.util.concurrent.ThreadPoolExecutor$Worker.run(ThreadPoolExecutor.java:642)\r\n\tat java.base/java.lang.Thread.run(Thread.java:1570)\r\n","flaky":false,"newFailed":false,"newBroken":false,"newPassed":false,"retriesCount":0,"retriesStatusChange":false,"beforeStages":[{"name":"setup","time":{"start":1713993759302,"stop":1713993760909,"duration":1607},"description":"","status":"passed","steps":[],"attachments":[],"parameters":[],"attachmentsCount":0,"shouldDisplayMessage":false,"stepsCount":0,"hasContent":false,"attachmentStep":false},{"name":"openBrowser","time":{"start":1713993818662,"stop":1713993822723,"duration":4061},"description":"","status":"passed","steps":[],"attachments":[],"parameters":[],"attachmentsCount":0,"shouldDisplayMessage":false,"stepsCount":0,"hasContent":false,"attachmentStep":false}],"testStage":{"description":"Test Description: Validate the price range filter.","status":"failed","statusMessage":"The following asserts failed:\n\texpected [true] but found [false],\n\texpected [true] but found [false],\n\texpected [true] but found [false],\n\texpected [true] but found [false],\n\texpected [true] but found [false],\n\texpected [true] but found [false],\n\texpected [true] but found [false]","statusTrace":"java.lang.AssertionError: The following asserts failed:\n\texpected [true] but found [false],\n\texpected [true] but found [false],\n\texpected [true] but found [false],\n\texpected [true] but found [false],\n\texpected [true] but found [false],\n\texpected [true] but found [false],\n\texpected [true] but found [false]\r\n\tat org.testng.asserts.SoftAssert.assertAll(SoftAssert.java:46)\r\n\tat org.testng.asserts.SoftAssert.assertAll(SoftAssert.java:30)\r\n\tat ge.tbc.itacademy.steps.swoop.SwoopCategoryPageSteps.validatePriceRange(SwoopCategoryPageSteps.java:39)\r\n\tat ge.tbc.itacademy.swoop.OfferTests.rangeTest(OfferTests.java:68)\r\n\tat java.base/jdk.internal.reflect.DirectMethodHandleAccessor.invoke(DirectMethodHandleAccessor.java:103)\r\n\tat java.base/java.lang.reflect.Method.invoke(Method.java:580)\r\n\tat org.testng.internal.invokers.MethodInvocationHelper.invokeMethod(MethodInvocationHelper.java:141)\r\n\tat org.testng.internal.invokers.TestInvoker.invokeMethod(TestInvoker.java:686)\r\n\tat org.testng.internal.invokers.TestInvoker.invokeTestMethod(TestInvoker.java:230)\r\n\tat org.testng.internal.invokers.MethodRunner.runInSequence(MethodRunner.java:63)\r\n\tat org.testng.internal.invokers.TestInvoker$MethodInvocationAgent.invoke(TestInvoker.java:992)\r\n\tat org.testng.internal.invokers.TestInvoker.invokeTestMethods(TestInvoker.java:203)\r\n\tat org.testng.internal.invokers.TestMethodWorker.invokeTestMethods(TestMethodWorker.java:154)\r\n\tat org.testng.internal.invokers.TestMethodWorker.run(TestMethodWorker.java:134)\r\n\tat java.base/java.util.ArrayList.forEach(ArrayList.java:1597)\r\n\tat org.testng.TestRunner.privateRun(TestRunner.java:739)\r\n\tat org.testng.TestRunner.run(TestRunner.java:614)\r\n\tat org.testng.SuiteRunner.runTest(SuiteRunner.java:421)\r\n\tat org.testng.SuiteRunner$SuiteWorker.run(SuiteRunner.java:463)\r\n\tat org.testng.internal.thread.ThreadUtil.lambda$execute$0(ThreadUtil.java:64)\r\n\tat java.base/java.util.concurrent.FutureTask.run(FutureTask.java:317)\r\n\tat java.base/java.util.concurrent.ThreadPoolExecutor.runWorker(ThreadPoolExecutor.java:1144)\r\n\tat java.base/java.util.concurrent.ThreadPoolExecutor$Worker.run(ThreadPoolExecutor.java:642)\r\n\tat java.base/java.lang.Thread.run(Thread.java:1570)\r\n","steps":[{"name":"Navigate to main category page დასვენება","time":{"start":1713993822767,"stop":1713993824057,"duration":1290},"status":"passed","steps":[],"attachments":[],"parameters":[{"name":"name","value":"დასვენება"}],"attachmentsCount":0,"shouldDisplayMessage":false,"stepsCount":0,"hasContent":true,"attachmentStep":false},{"name":"Set minimum price to 200","time":{"start":1713993824057,"stop":1713993824321,"duration":264},"status":"passed","steps":[],"attachments":[],"parameters":[{"name":"minPrice","value":"200"}],"attachmentsCount":0,"shouldDisplayMessage":false,"stepsCount":0,"hasContent":true,"attachmentStep":false},{"name":"Set maximum price to 5000","time":{"start":1713993824322,"stop":1713993824413,"duration":91},"status":"passed","steps":[],"attachments":[],"parameters":[{"name":"maxPrice","value":"5000"}],"attachmentsCount":0,"shouldDisplayMessage":false,"stepsCount":0,"hasContent":true,"attachmentStep":false},{"name":"Submit the price range","time":{"start":1713993824413,"stop":1713993824485,"duration":72},"status":"passed","steps":[],"attachments":[],"parameters":[],"attachmentsCount":0,"shouldDisplayMessage":false,"stepsCount":0,"hasContent":false,"attachmentStep":false},{"name":"Wait for loader to disappear","time":{"start":1713993824485,"stop":1713993825002,"duration":517},"status":"passed","steps":[],"attachments":[],"parameters":[],"attachmentsCount":0,"shouldDisplayMessage":false,"stepsCount":0,"hasContent":false,"attachmentStep":false},{"name":"Validate the price range between 200 and 5000","time":{"start":1713993825002,"stop":1713993825232,"duration":230},"status":"failed","statusMessage":"The following asserts failed:\n\texpected [true] but found [false],\n\texpected [true] but found [false],\n\texpected [true] but found [false],\n\texpected [true] but found [false],\n\texpected [true] but found [false],\n\texpected [true] but found [false],\n\texpected [true] but found [false]","statusTrace":"java.lang.AssertionError: The following asserts failed:\n\texpected [true] but found [false],\n\texpected [true] but found [false],\n\texpected [true] but found [false],\n\texpected [true] but found [false],\n\texpected [true] but found [false],\n\texpected [true] but found [false],\n\texpected [true] but found [false]\r\n\tat org.testng.asserts.SoftAssert.assertAll(SoftAssert.java:46)\r\n\tat org.testng.asserts.SoftAssert.assertAll(SoftAssert.java:30)\r\n\tat ge.tbc.itacademy.steps.swoop.SwoopCategoryPageSteps.validatePriceRange(SwoopCategoryPageSteps.java:39)\r\n\tat ge.tbc.itacademy.swoop.OfferTests.rangeTest(OfferTests.java:68)\r\n\tat java.base/jdk.internal.reflect.DirectMethodHandleAccessor.invoke(DirectMethodHandleAccessor.java:103)\r\n\tat java.base/java.lang.reflect.Method.invoke(Method.java:580)\r\n\tat org.testng.internal.invokers.MethodInvocationHelper.invokeMethod(MethodInvocationHelper.java:141)\r\n\tat org.testng.internal.invokers.TestInvoker.invokeMethod(TestInvoker.java:686)\r\n\tat org.testng.internal.invokers.TestInvoker.invokeTestMethod(TestInvoker.java:230)\r\n\tat org.testng.internal.invokers.MethodRunner.runInSequence(MethodRunner.java:63)\r\n\tat org.testng.internal.invokers.TestInvoker$MethodInvocationAgent.invoke(TestInvoker.java:992)\r\n\tat org.testng.internal.invokers.TestInvoker.invokeTestMethods(TestInvoker.java:203)\r\n\tat org.testng.internal.invokers.TestMethodWorker.invokeTestMethods(TestMethodWorker.java:154)\r\n\tat org.testng.internal.invokers.TestMethodWorker.run(TestMethodWorker.java:134)\r\n\tat java.base/java.util.ArrayList.forEach(ArrayList.java:1597)\r\n\tat org.testng.TestRunner.privateRun(TestRunner.java:739)\r\n\tat org.testng.TestRunner.run(TestRunner.java:614)\r\n\tat org.testng.SuiteRunner.runTest(SuiteRunner.java:421)\r\n\tat org.testng.SuiteRunner$SuiteWorker.run(SuiteRunner.java:463)\r\n\tat org.testng.internal.thread.ThreadUtil.lambda$execute$0(ThreadUtil.java:64)\r\n\tat java.base/java.util.concurrent.FutureTask.run(FutureTask.java:317)\r\n\tat java.base/java.util.concurrent.ThreadPoolExecutor.runWorker(ThreadPoolExecutor.java:1144)\r\n\tat java.base/java.util.concurrent.ThreadPoolExecutor$Worker.run(ThreadPoolExecutor.java:642)\r\n\tat java.base/java.lang.Thread.run(Thread.java:1570)\r\n","steps":[],"attachments":[],"parameters":[{"name":"minPrice","value":"200"},{"name":"maxPrice","value":"5000"}],"attachmentsCount":0,"shouldDisplayMessage":true,"stepsCount":0,"hasContent":true,"attachmentStep":false}],"attachments":[],"parameters":[],"attachmentsCount":0,"shouldDisplayMessage":false,"stepsCount":6,"hasContent":true,"attachmentStep":false},"afterStages":[{"name":"closeBrowser","time":{"start":1713993825657,"stop":1713993825802,"duration":145},"description":"","status":"passed","steps":[],"attachments":[],"parameters":[],"attachmentsCount":0,"shouldDisplayMessage":false,"stepsCount":0,"hasContent":false,"attachmentStep":false}],"labels":[{"name":"package","value":"ge.tbc.itacademy.swoop.OfferTests"},{"name":"testClass","value":"ge.tbc.itacademy.swoop.OfferTests"},{"name":"testMethod","value":"rangeTest"},{"name":"parentSuite","value":"Methods"},{"name":"suite","value":"SwoopRegression"},{"name":"subSuite","value":"ge.tbc.itacademy.swoop.OfferTests"},{"name":"host","value":"Luka"},{"name":"thread","value":"23748@Luka.TestNG-tests-1(46)"},{"name":"framework","value":"testng"},{"name":"language","value":"java"},{"name":"feature","value":"Offer"},{"name":"story","value":"Swoop Offer"},{"name":"severity","value":"normal"},{"name":"resultFormat","value":"allure2"}],"parameters":[{"name":"arg0","value":"200"},{"name":"arg1","value":"5000"}],"links":[],"hidden":true,"retry":true,"extra":{"categories":[],"tags":[]},"source":"d1c64a7d3b9a5efb.json","parameterValues":["200","5000"]}