{"uid":"e9c788808efb69ec","name":"rangeTest","fullName":"ge.tbc.itacademy.swoop.OfferTests.rangeTest","historyId":"8c78338daa7aaaee67244305c3e34f92","time":{"start":1714009121551,"stop":1714009124120,"duration":2569},"description":"Test Description: Validate the price range filter.","descriptionHtml":"<p>Test Description: Validate the price range filter.</p>\n","status":"failed","statusMessage":"The following asserts failed:\n\texpected [true] but found [false],\n\texpected [true] but found [false],\n\texpected [true] but found [false],\n\texpected [true] but found [false],\n\texpected [true] but found [false],\n\texpected [true] but found [false],\n\texpected [true] but found [false]","statusTrace":"java.lang.AssertionError: The following asserts failed:\n\texpected [true] but found [false],\n\texpected [true] but found [false],\n\texpected [true] but found [false],\n\texpected [true] but found [false],\n\texpected [true] but found [false],\n\texpected [true] but found [false],\n\texpected [true] but found [false]\r\n\tat org.testng.asserts.SoftAssert.assertAll(SoftAssert.java:46)\r\n\tat org.testng.asserts.SoftAssert.assertAll(SoftAssert.java:30)\r\n\tat ge.tbc.itacademy.steps.swoop.SwoopCategoryPageSteps.validatePriceRange(SwoopCategoryPageSteps.java:39)\r\n\tat ge.tbc.itacademy.swoop.OfferTests.rangeTest(OfferTests.java:72)\r\n\tat java.base/jdk.internal.reflect.DirectMethodHandleAccessor.invoke(DirectMethodHandleAccessor.java:103)\r\n\tat java.base/java.lang.reflect.Method.invoke(Method.java:580)\r\n\tat org.testng.internal.invokers.MethodInvocationHelper.invokeMethod(MethodInvocationHelper.java:141)\r\n\tat org.testng.internal.invokers.TestInvoker.invokeMethod(TestInvoker.java:686)\r\n\tat org.testng.internal.invokers.TestInvoker.invokeTestMethod(TestInvoker.java:230)\r\n\tat org.testng.internal.invokers.MethodRunner.runInSequence(MethodRunner.java:63)\r\n\tat org.testng.internal.invokers.TestInvoker$MethodInvocationAgent.invoke(TestInvoker.java:992)\r\n\tat org.testng.internal.invokers.TestInvoker.invokeTestMethods(TestInvoker.java:203)\r\n\tat org.testng.internal.invokers.TestMethodWorker.invokeTestMethods(TestMethodWorker.java:154)\r\n\tat org.testng.internal.invokers.TestMethodWorker.run(TestMethodWorker.java:134)\r\n\tat java.base/java.util.concurrent.Executors$RunnableAdapter.call(Executors.java:572)\r\n\tat java.base/java.util.concurrent.FutureTask.run(FutureTask.java:317)\r\n\tat org.testng.internal.thread.graph.TestNGFutureTask.run(TestNGFutureTask.java:22)\r\n\tat java.base/java.util.concurrent.ThreadPoolExecutor.runWorker(ThreadPoolExecutor.java:1144)\r\n\tat java.base/java.util.concurrent.ThreadPoolExecutor$Worker.run(ThreadPoolExecutor.java:642)\r\n\tat java.base/java.lang.Thread.run(Thread.java:1570)\r\n","flaky":false,"newFailed":false,"newBroken":false,"newPassed":false,"retriesCount":0,"retriesStatusChange":false,"beforeStages":[{"name":"setup","time":{"start":1714009071327,"stop":1714009072801,"duration":1474},"description":"","status":"passed","steps":[],"attachments":[],"parameters":[],"attachmentsCount":0,"shouldDisplayMessage":false,"stepsCount":0,"hasContent":false,"attachmentStep":false},{"name":"openBrowser","time":{"start":1714009116456,"stop":1714009121547,"duration":5091},"description":"","status":"passed","steps":[],"attachments":[],"parameters":[],"attachmentsCount":0,"shouldDisplayMessage":false,"stepsCount":0,"hasContent":false,"attachmentStep":false}],"testStage":{"description":"Test Description: Validate the price range filter.","status":"failed","statusMessage":"The following asserts failed:\n\texpected [true] but found [false],\n\texpected [true] but found [false],\n\texpected [true] but found [false],\n\texpected [true] but found [false],\n\texpected [true] but found [false],\n\texpected [true] but found [false],\n\texpected [true] but found [false]","statusTrace":"java.lang.AssertionError: The following asserts failed:\n\texpected [true] but found [false],\n\texpected [true] but found [false],\n\texpected [true] but found [false],\n\texpected [true] but found [false],\n\texpected [true] but found [false],\n\texpected [true] but found [false],\n\texpected [true] but found [false]\r\n\tat org.testng.asserts.SoftAssert.assertAll(SoftAssert.java:46)\r\n\tat org.testng.asserts.SoftAssert.assertAll(SoftAssert.java:30)\r\n\tat ge.tbc.itacademy.steps.swoop.SwoopCategoryPageSteps.validatePriceRange(SwoopCategoryPageSteps.java:39)\r\n\tat ge.tbc.itacademy.swoop.OfferTests.rangeTest(OfferTests.java:72)\r\n\tat java.base/jdk.internal.reflect.DirectMethodHandleAccessor.invoke(DirectMethodHandleAccessor.java:103)\r\n\tat java.base/java.lang.reflect.Method.invoke(Method.java:580)\r\n\tat org.testng.internal.invokers.MethodInvocationHelper.invokeMethod(MethodInvocationHelper.java:141)\r\n\tat org.testng.internal.invokers.TestInvoker.invokeMethod(TestInvoker.java:686)\r\n\tat org.testng.internal.invokers.TestInvoker.invokeTestMethod(TestInvoker.java:230)\r\n\tat org.testng.internal.invokers.MethodRunner.runInSequence(MethodRunner.java:63)\r\n\tat org.testng.internal.invokers.TestInvoker$MethodInvocationAgent.invoke(TestInvoker.java:992)\r\n\tat org.testng.internal.invokers.TestInvoker.invokeTestMethods(TestInvoker.java:203)\r\n\tat org.testng.internal.invokers.TestMethodWorker.invokeTestMethods(TestMethodWorker.java:154)\r\n\tat org.testng.internal.invokers.TestMethodWorker.run(TestMethodWorker.java:134)\r\n\tat java.base/java.util.concurrent.Executors$RunnableAdapter.call(Executors.java:572)\r\n\tat java.base/java.util.concurrent.FutureTask.run(FutureTask.java:317)\r\n\tat org.testng.internal.thread.graph.TestNGFutureTask.run(TestNGFutureTask.java:22)\r\n\tat java.base/java.util.concurrent.ThreadPoolExecutor.runWorker(ThreadPoolExecutor.java:1144)\r\n\tat java.base/java.util.concurrent.ThreadPoolExecutor$Worker.run(ThreadPoolExecutor.java:642)\r\n\tat java.base/java.lang.Thread.run(Thread.java:1570)\r\n","steps":[{"name":"Navigate to main category page დასვენება","time":{"start":1714009121596,"stop":1714009122996,"duration":1400},"status":"passed","steps":[],"attachments":[],"parameters":[{"name":"name","value":"დასვენება"}],"attachmentsCount":0,"shouldDisplayMessage":false,"stepsCount":0,"hasContent":true,"attachmentStep":false},{"name":"Set minimum price to 200","time":{"start":1714009122996,"stop":1714009123186,"duration":190},"status":"passed","steps":[],"attachments":[],"parameters":[{"name":"minPrice","value":"200"}],"attachmentsCount":0,"shouldDisplayMessage":false,"stepsCount":0,"hasContent":true,"attachmentStep":false},{"name":"Set maximum price to 5000","time":{"start":1714009123186,"stop":1714009123297,"duration":111},"status":"passed","steps":[],"attachments":[],"parameters":[{"name":"maxPrice","value":"5000"}],"attachmentsCount":0,"shouldDisplayMessage":false,"stepsCount":0,"hasContent":true,"attachmentStep":false},{"name":"Submit the price range","time":{"start":1714009123297,"stop":1714009123374,"duration":77},"status":"passed","steps":[],"attachments":[],"parameters":[],"attachmentsCount":0,"shouldDisplayMessage":false,"stepsCount":0,"hasContent":false,"attachmentStep":false},{"name":"Wait for loader to disappear","time":{"start":1714009123374,"stop":1714009123889,"duration":515},"status":"passed","steps":[],"attachments":[],"parameters":[],"attachmentsCount":0,"shouldDisplayMessage":false,"stepsCount":0,"hasContent":false,"attachmentStep":false},{"name":"Validate the price range between 200 and 5000","time":{"start":1714009123889,"stop":1714009124120,"duration":231},"status":"failed","statusMessage":"The following asserts failed:\n\texpected [true] but found [false],\n\texpected [true] but found [false],\n\texpected [true] but found [false],\n\texpected [true] but found [false],\n\texpected [true] but found [false],\n\texpected [true] but found [false],\n\texpected [true] but found [false]","statusTrace":"java.lang.AssertionError: The following asserts failed:\n\texpected [true] but found [false],\n\texpected [true] but found [false],\n\texpected [true] but found [false],\n\texpected [true] but found [false],\n\texpected [true] but found [false],\n\texpected [true] but found [false],\n\texpected [true] but found [false]\r\n\tat org.testng.asserts.SoftAssert.assertAll(SoftAssert.java:46)\r\n\tat org.testng.asserts.SoftAssert.assertAll(SoftAssert.java:30)\r\n\tat ge.tbc.itacademy.steps.swoop.SwoopCategoryPageSteps.validatePriceRange(SwoopCategoryPageSteps.java:39)\r\n\tat ge.tbc.itacademy.swoop.OfferTests.rangeTest(OfferTests.java:72)\r\n\tat java.base/jdk.internal.reflect.DirectMethodHandleAccessor.invoke(DirectMethodHandleAccessor.java:103)\r\n\tat java.base/java.lang.reflect.Method.invoke(Method.java:580)\r\n\tat org.testng.internal.invokers.MethodInvocationHelper.invokeMethod(MethodInvocationHelper.java:141)\r\n\tat org.testng.internal.invokers.TestInvoker.invokeMethod(TestInvoker.java:686)\r\n\tat org.testng.internal.invokers.TestInvoker.invokeTestMethod(TestInvoker.java:230)\r\n\tat org.testng.internal.invokers.MethodRunner.runInSequence(MethodRunner.java:63)\r\n\tat org.testng.internal.invokers.TestInvoker$MethodInvocationAgent.invoke(TestInvoker.java:992)\r\n\tat org.testng.internal.invokers.TestInvoker.invokeTestMethods(TestInvoker.java:203)\r\n\tat org.testng.internal.invokers.TestMethodWorker.invokeTestMethods(TestMethodWorker.java:154)\r\n\tat org.testng.internal.invokers.TestMethodWorker.run(TestMethodWorker.java:134)\r\n\tat java.base/java.util.concurrent.Executors$RunnableAdapter.call(Executors.java:572)\r\n\tat java.base/java.util.concurrent.FutureTask.run(FutureTask.java:317)\r\n\tat org.testng.internal.thread.graph.TestNGFutureTask.run(TestNGFutureTask.java:22)\r\n\tat java.base/java.util.concurrent.ThreadPoolExecutor.runWorker(ThreadPoolExecutor.java:1144)\r\n\tat java.base/java.util.concurrent.ThreadPoolExecutor$Worker.run(ThreadPoolExecutor.java:642)\r\n\tat java.base/java.lang.Thread.run(Thread.java:1570)\r\n","steps":[],"attachments":[],"parameters":[{"name":"minPrice","value":"200"},{"name":"maxPrice","value":"5000"}],"attachmentsCount":0,"shouldDisplayMessage":true,"stepsCount":0,"hasContent":true,"attachmentStep":false}],"attachments":[],"parameters":[],"attachmentsCount":0,"shouldDisplayMessage":false,"stepsCount":6,"hasContent":true,"attachmentStep":false},"afterStages":[{"name":"closeBrowser","time":{"start":1714009124122,"stop":1714009124255,"duration":133},"description":"","status":"passed","steps":[],"attachments":[],"parameters":[],"attachmentsCount":0,"shouldDisplayMessage":false,"stepsCount":0,"hasContent":false,"attachmentStep":false}],"labels":[{"name":"package","value":"ge.tbc.itacademy.swoop.OfferTests"},{"name":"testClass","value":"ge.tbc.itacademy.swoop.OfferTests"},{"name":"testMethod","value":"rangeTest"},{"name":"parentSuite","value":"Project 2"},{"name":"suite","value":"Swoop"},{"name":"subSuite","value":"ge.tbc.itacademy.swoop.OfferTests"},{"name":"host","value":"Luka"},{"name":"thread","value":"23924@Luka.TestNG-test-Swoop-4(49)"},{"name":"framework","value":"testng"},{"name":"language","value":"java"},{"name":"story","value":"Validate price range filter"},{"name":"feature","value":"Offer"},{"name":"story","value":"Swoop Offer"},{"name":"severity","value":"normal"},{"name":"resultFormat","value":"allure2"}],"parameters":[{"name":"arg0","value":"200"},{"name":"arg1","value":"5000"}],"links":[],"hidden":true,"retry":true,"extra":{"categories":[],"tags":[]},"source":"e9c788808efb69ec.json","parameterValues":["200","5000"]}